<?xml version='1.0' encoding='UTF-8'?>
<testsuite hostname="LAPTOP-TQL23UAK" name="DeviceSpec" tests="2" errors="0" failures="0" skipped="0" time="0.038" timestamp="2021-02-13T17:55:55">
                     <properties>
[...]
</properties>
                     <testcase classname="DeviceSpec" name="Device actor must reply with empty reading if no temperature is known" time="0.035">
                                                 
                                               </testcase><testcase classname="DeviceSpec" name="Device actor must reply with latest temperature reading" time="0.003">
                                                 
                                               </testcase>
                     <system-out><![CDATA[]]></system-out>
                     <system-err><![CDATA[]]></system-err>
                   </testsuite>